<?xml version="1.0" encoding="UTF-8"?>
<!-- Generated by org.testng.reporters.JUnitReportReporter -->
<testsuite skipped="0" hostname="del1-lhp-n01961" name="GoogleGit.testA" tests="1" failures="0" timestamp="26 Jun 2020 15:54:36 GMT" time="0.004" errors="0">
  <testcase name="letTestA" time="0.004" classname="GoogleGit.testA"/>
</testsuite> <!-- GoogleGit.testA -->
