<?xml version="1.0" encoding="UTF-8"?>
<!-- Generated by org.testng.reporters.JUnitReportReporter -->
<testsuite skipped="0" hostname="DESKTOP-V82ECCN" name="GoogleGit.googleclass" tests="2" failures="0" timestamp="2020-06-26T20:18:32 IST" time="30.431" errors="0">
  <testcase name="googleclasstest" time="13.543" classname="GoogleGit.googleclass"/>
  <system-out/>
  <testcase name="tearDown" time="16.888" classname="GoogleGit.googleclass"/>
  <system-out/>
</testsuite> <!-- GoogleGit.googleclass -->
